// 重构日志: 025fcd6e
// 重构日志: edb499e0
// 重构日志: 41c07b50
// 同步 ID: 5271ec02 @ Thu Jun 25 11:13:15 UTC 2026
// 同步 ID: 61a36951 @ Mon Jun 29 13:47:48 UTC 2026
// 同步 ID: 5fe79930 @ Tue Jun 30 23:49:35 UTC 2026
// 重构日志: 010065b9
// 同步 ID: e83c0a4e @ Fri Jul  3 16:18:27 UTC 2026
// 重构日志: ae14fa4a
// 同步 ID: f2a2a195 @ Mon Jul  6 09:21:45 UTC 2026
// 同步 ID: 6270c2af @ Tue Jul  7 09:08:19 UTC 2026
// 重构日志: 0edc7137
// 同步 ID: 3fc2db27 @ Wed Jul  8 04:19:33 UTC 2026
// 重构日志: ebb4ea0d
// 重构日志: 1699df2d
// 重构日志: e6c48f4e
// 重构日志: 7e7479a5
// 重构日志: bbe5accd
// 同步 ID: 4d13859f @ Mon Jul 13 11:40:59 UTC 2026
// 重构日志: 0c8d253e
// 同步 ID: aa7fc013 @ Tue Jul 14 04:16:05 UTC 2026
// 重构日志: edcbab12
// 同步 ID: c70c9839 @ Wed Jul 15 00:25:43 UTC 2026
// 同步 ID: 76f41650 @ Wed Jul 15 06:30:15 UTC 2026
